<?xml version="1.0" encoding="UTF-8"?>
<!-- Generated by org.testng.reporters.JUnitXMLReporter -->
<testsuite hostname="Sidharth" ignored="0" name="Test" tests="1" failures="1" timestamp="2020-11-09T14:29:06 IST" time="0.152" errors="0">
  <testcase name="createUser" time="0.08" classname="testCases.RedBus">
    <failure type="java.lang.IllegalStateException" message="The driver executable does not exist: F:\src\test\resources\drivers\chromedriver v85.exe">
      <![CDATA[java.lang.IllegalStateException: The driver executable does not exist: F:\src\test\resources\drivers\chromedriver v85.exe
at com.google.common.base.Preconditions.checkState(Preconditions.java:585)
at org.openqa.selenium.remote.service.DriverService.checkExecutable(DriverService.java:146)
at org.openqa.selenium.remote.service.DriverService.findExecutable(DriverService.java:141)
at org.openqa.selenium.chrome.ChromeDriverService.access$000(ChromeDriverService.java:35)
at org.openqa.selenium.chrome.ChromeDriverService$Builder.findDefaultExecutable(ChromeDriverService.java:159)
at org.openqa.selenium.remote.service.DriverService$Builder.build(DriverService.java:355)
at org.openqa.selenium.chrome.ChromeDriverService.createDefaultService(ChromeDriverService.java:94)
at org.openqa.selenium.chrome.ChromeDriver.<init>(ChromeDriver.java:123)
at testCases.RedBus.createUser(RedBus.java:17)
at java.util.ArrayList.forEach(ArrayList.java:1257)
... Removed 27 stack frames]]>
    </failure>
  </testcase> <!-- createUser -->
</testsuite> <!-- Test -->
